# JRE version: OpenJDK Runtime Environment (11.0.11+9) (build 11.0.11+9-b60-7590822)
# Java VM: OpenJDK 64-Bit Server VM (11.0.11+9-b60-7590822, mixed mode, tiered, compressed oops, g1 gc, windows-amd64)
Heap:
 garbage-first heap   total 287744K, used 130927K [0x0000000080000000, 0x0000000100000000)
  region size 1024K, 5 young (5120K), 5 survivors (5120K)
 Metaspace       used 96724K, capacity 99256K, committed 99452K, reserved 1134592K
  class space    used 12557K, capacity 13516K, committed 13568K, reserved 1048576K
GC Heap History (20 events):
Event: 100.948 GC heap before
{Heap before GC invocations=77 (full 0):
 garbage-first heap   total 165888K, used 135836K [0x0000000080000000, 0x0000000100000000)
  region size 1024K, 30 young (30720K), 5 survivors (5120K)
 Metaspace       used 91130K, capacity 93570K, committed 93820K, reserved 1130496K
  class space    used 11848K, capacity 12745K, committed 12800K, reserved 1048576K
}
Event: 100.975 GC heap after
{Heap after GC invocations=78 (full 0):
 garbage-first heap   total 165888K, used 115712K [0x0000000080000000, 0x0000000100000000)
  region size 1024K, 4 young (4096K), 4 survivors (4096K)
 Metaspace       used 91130K, capacity 93570K, committed 93820K, reserved 1130496K
  class space    used 11848K, capacity 12745K, committed 12800K, reserved 1048576K
}
Event: 101.131 GC heap before
{Heap before GC invocations=78 (full 0):
 garbage-first heap   total 165888K, used 138240K [0x0000000080000000, 0x0000000100000000)
  region size 1024K, 26 young (26624K), 4 survivors (4096K)
 Metaspace       used 91138K, capacity 93574K, committed 93820K, reserved 1130496K
  class space    used 11848K, capacity 12745K, committed 12800K, reserved 1048576K
}
Event: 101.155 GC heap after
{Heap after GC invocations=79 (full 0):
 garbage-first heap   total 199680K, used 120307K [0x0000000080000000, 0x0000000100000000)
  region size 1024K, 4 young (4096K), 4 survivors (4096K)
 Metaspace       used 91138K, capacity 93574K, committed 93820K, reserved 1130496K
  class space    used 11848K, capacity 12745K, committed 12800K, reserved 1048576K
}
Event: 101.775 GC heap before
{Heap before GC invocations=79 (full 0):
 garbage-first heap   total 199680K, used 154099K [0x0000000080000000, 0x0000000100000000)
  region size 1024K, 37 young (37888K), 4 survivors (4096K)
 Metaspace       used 91043K, capacity 93379K, committed 93820K, reserved 1130496K
  class space    used 11813K, capacity 12674K, committed 12800K, reserved 1048576K
}
Event: 101.814 GC heap after
{Heap after GC invocations=80 (full 0):
 garbage-first heap   total 199680K, used 126375K [0x0000000080000000, 0x0000000100000000)
  region size 1024K, 5 young (5120K), 5 survivors (5120K)
 Metaspace       used 91043K, capacity 93379K, committed 93820K, reserved 1130496K
  class space    used 11813K, capacity 12674K, committed 12800K, reserved 1048576K
}
Event: 103.134 GC heap before
{Heap before GC invocations=81 (full 0):
 garbage-first heap   total 199680K, used 158119K [0x0000000080000000, 0x0000000100000000)
  region size 1024K, 36 young (36864K), 5 survivors (5120K)
 Metaspace       used 94598K, capacity 97164K, committed 97276K, reserved 1132544K
  class space    used 12435K, capacity 13408K, committed 13440K, reserved 1048576K
}
Event: 103.167 GC heap after
{Heap after GC invocations=82 (full 0):
 garbage-first heap   total 199680K, used 129394K [0x0000000080000000, 0x0000000100000000)
  region size 1024K, 3 young (3072K), 3 survivors (3072K)
 Metaspace       used 94598K, capacity 97164K, committed 97276K, reserved 1132544K
  class space    used 12435K, capacity 13408K, committed 13440K, reserved 1048576K
}
Event: 103.846 GC heap before
{Heap before GC invocations=82 (full 0):
 garbage-first heap   total 199680K, used 161138K [0x0000000080000000, 0x0000000100000000)
  region size 1024K, 34 young (34816K), 3 survivors (3072K)
 Metaspace       used 95446K, capacity 98014K, committed 98172K, reserved 1134592K
  class space    used 12512K, capacity 13491K, committed 13568K, reserved 1048576K
}
Event: 103.856 GC heap after
{Heap after GC invocations=83 (full 0):
 garbage-first heap   total 199680K, used 129303K [0x0000000080000000, 0x0000000100000000)
  region size 1024K, 3 young (3072K), 3 survivors (3072K)
 Metaspace       used 95446K, capacity 98014K, committed 98172K, reserved 1134592K
  class space    used 12512K, capacity 13491K, committed 13568K, reserved 1048576K
}
Event: 105.116 GC heap before
{Heap before GC invocations=84 (full 0):
 garbage-first heap   total 199680K, used 162071K [0x0000000080000000, 0x0000000100000000)
  region size 1024K, 35 young (35840K), 3 survivors (3072K)
 Metaspace       used 96208K, capacity 98717K, committed 98940K, reserved 1134592K
  class space    used 12522K, capacity 13472K, committed 13568K, reserved 1048576K
}
Event: 105.131 GC heap after
{Heap after GC invocations=85 (full 0):
 garbage-first heap   total 239616K, used 129578K [0x0000000080000000, 0x0000000100000000)
  region size 1024K, 3 young (3072K), 3 survivors (3072K)
 Metaspace       used 96208K, capacity 98717K, committed 98940K, reserved 1134592K
  class space    used 12522K, capacity 13472K, committed 13568K, reserved 1048576K
}
Event: 105.675 GC heap before
{Heap before GC invocations=85 (full 0):
 garbage-first heap   total 239616K, used 178730K [0x0000000080000000, 0x0000000100000000)
  region size 1024K, 51 young (52224K), 3 survivors (3072K)
 Metaspace       used 96346K, capacity 98799K, committed 98940K, reserved 1134592K
  class space    used 12524K, capacity 13476K, committed 13568K, reserved 1048576K
}
Event: 105.687 GC heap after
{Heap after GC invocations=86 (full 0):
 garbage-first heap   total 239616K, used 129613K [0x0000000080000000, 0x0000000100000000)
  region size 1024K, 3 young (3072K), 3 survivors (3072K)
 Metaspace       used 96346K, capacity 98799K, committed 98940K, reserved 1134592K
  class space    used 12524K, capacity 13476K, committed 13568K, reserved 1048576K
}
Event: 106.546 GC heap before
{Heap before GC invocations=86 (full 0):
 garbage-first heap   total 239616K, used 184909K [0x0000000080000000, 0x0000000100000000)
  region size 1024K, 57 young (58368K), 3 survivors (3072K)
 Metaspace       used 96527K, capacity 99092K, committed 99196K, reserved 1134592K
  class space    used 12544K, capacity 13508K, committed 13568K, reserved 1048576K
}
Event: 106.562 GC heap after
{Heap after GC invocations=87 (full 0):
 garbage-first heap   total 239616K, used 129832K [0x0000000080000000, 0x0000000100000000)
  region size 1024K, 4 young (4096K), 4 survivors (4096K)
 Metaspace       used 96527K, capacity 99092K, committed 99196K, reserved 1134592K
  class space    used 12544K, capacity 13508K, committed 13568K, reserved 1048576K
}
Event: 106.942 GC heap before
{Heap before GC invocations=88 (full 0):
 garbage-first heap   total 239616K, used 188200K [0x0000000080000000, 0x0000000100000000)
  region size 1024K, 61 young (62464K), 4 survivors (4096K)
 Metaspace       used 96568K, capacity 99096K, committed 99196K, reserved 1134592K
  class space    used 12545K, capacity 13508K, committed 13568K, reserved 1048576K
}
Event: 106.958 GC heap after
{Heap after GC invocations=89 (full 0):
 garbage-first heap   total 239616K, used 129840K [0x0000000080000000, 0x0000000100000000)
  region size 1024K, 4 young (4096K), 4 survivors (4096K)
 Metaspace       used 96568K, capacity 99096K, committed 99196K, reserved 1134592K
  class space    used 12545K, capacity 13508K, committed 13568K, reserved 1048576K
}
Event: 107.390 GC heap before
{Heap before GC invocations=89 (full 0):
 garbage-first heap   total 239616K, used 200496K [0x0000000080000000, 0x0000000100000000)
  region size 1024K, 73 young (74752K), 4 survivors (4096K)
 Metaspace       used 96621K, capacity 99169K, committed 99452K, reserved 1134592K
  class space    used 12546K, capacity 13510K, committed 13568K, reserved 1048576K
}
Event: 107.405 GC heap after
{Heap after GC invocations=90 (full 0):
 garbage-first heap   total 239616K, used 131482K [0x0000000080000000, 0x0000000100000000)
  region size 1024K, 5 young (5120K), 5 survivors (5120K)
 Metaspace       used 96621K, capacity 99169K, committed 99452K, reserved 1134592K
  class space    used 12546K, capacity 13510K, committed 13568K, reserved 1048576K
}

