# JRE version: OpenJDK Runtime Environment (11.0.11+9) (build 11.0.11+9-b60-7590822)
# Java VM: OpenJDK 64-Bit Server VM (11.0.11+9-b60-7590822, mixed mode, tiered, compressed oops, g1 gc, windows-amd64)
Heap:
 garbage-first heap   total 622592K, used 88351K [0x0000000080000000, 0x0000000100000000)
  region size 1024K, 2 young (2048K), 2 survivors (2048K)
 Metaspace       used 93197K, capacity 95478K, committed 95616K, reserved 1132544K
  class space    used 11836K, capacity 12606K, committed 12672K, reserved 1048576K
GC Heap History (20 events):
Event: 5855.241 GC heap after
{Heap after GC invocations=116 (full 0):
 garbage-first heap   total 143360K, used 71001K [0x0000000080000000, 0x0000000100000000)
  region size 1024K, 1 young (1024K), 1 survivors (1024K)
 Metaspace       used 89042K, capacity 91002K, committed 91904K, reserved 1128448K
  class space    used 11287K, capacity 11997K, committed 12288K, reserved 1048576K
}
Event: 5856.034 GC heap before
{Heap before GC invocations=117 (full 0):
 garbage-first heap   total 143360K, used 95577K [0x0000000080000000, 0x0000000100000000)
  region size 1024K, 25 young (25600K), 1 survivors (1024K)
 Metaspace       used 89134K, capacity 91122K, committed 91904K, reserved 1128448K
  class space    used 11300K, capacity 12016K, committed 12288K, reserved 1048576K
}
Event: 5856.046 GC heap after
{Heap after GC invocations=118 (full 0):
 garbage-first heap   total 143360K, used 72811K [0x0000000080000000, 0x0000000100000000)
  region size 1024K, 3 young (3072K), 3 survivors (3072K)
 Metaspace       used 89134K, capacity 91122K, committed 91904K, reserved 1128448K
  class space    used 11300K, capacity 12016K, committed 12288K, reserved 1048576K
}
Event: 5857.338 GC heap before
{Heap before GC invocations=118 (full 0):
 garbage-first heap   total 143360K, used 75883K [0x0000000080000000, 0x0000000100000000)
  region size 1024K, 7 young (7168K), 3 survivors (3072K)
 Metaspace       used 89246K, capacity 91315K, committed 92160K, reserved 1128448K
  class space    used 11300K, capacity 12016K, committed 12288K, reserved 1048576K
}
Event: 5857.402 GC heap after
{Heap after GC invocations=119 (full 0):
 garbage-first heap   total 143360K, used 73645K [0x0000000080000000, 0x0000000100000000)
  region size 1024K, 1 young (1024K), 1 survivors (1024K)
 Metaspace       used 89246K, capacity 91315K, committed 92160K, reserved 1128448K
  class space    used 11300K, capacity 12016K, committed 12288K, reserved 1048576K
}
Event: 5857.587 GC heap before
{Heap before GC invocations=119 (full 0):
 garbage-first heap   total 143360K, used 79789K [0x0000000080000000, 0x0000000100000000)
  region size 1024K, 7 young (7168K), 1 survivors (1024K)
 Metaspace       used 89274K, capacity 91339K, committed 92160K, reserved 1128448K
  class space    used 11306K, capacity 12024K, committed 12288K, reserved 1048576K
}
Event: 5857.613 GC heap after
{Heap after GC invocations=120 (full 0):
 garbage-first heap   total 143360K, used 74009K [0x0000000080000000, 0x0000000100000000)
  region size 1024K, 1 young (1024K), 1 survivors (1024K)
 Metaspace       used 89274K, capacity 91339K, committed 92160K, reserved 1128448K
  class space    used 11306K, capacity 12024K, committed 12288K, reserved 1048576K
}
Event: 5860.450 GC heap before
{Heap before GC invocations=121 (full 0):
 garbage-first heap   total 143360K, used 80153K [0x0000000080000000, 0x0000000100000000)
  region size 1024K, 7 young (7168K), 1 survivors (1024K)
 Metaspace       used 89430K, capacity 91493K, committed 92160K, reserved 1128448K
  class space    used 11316K, capacity 12041K, committed 12288K, reserved 1048576K
}
Event: 5860.483 GC heap after
{Heap after GC invocations=122 (full 0):
 garbage-first heap   total 143360K, used 74996K [0x0000000080000000, 0x0000000100000000)
  region size 1024K, 1 young (1024K), 1 survivors (1024K)
 Metaspace       used 89430K, capacity 91493K, committed 92160K, reserved 1128448K
  class space    used 11316K, capacity 12041K, committed 12288K, reserved 1048576K
}
Event: 5862.408 GC heap before
{Heap before GC invocations=122 (full 0):
 garbage-first heap   total 143360K, used 80116K [0x0000000080000000, 0x0000000100000000)
  region size 1024K, 7 young (7168K), 1 survivors (1024K)
 Metaspace       used 89490K, capacity 91498K, committed 92160K, reserved 1128448K
  class space    used 11316K, capacity 12041K, committed 12288K, reserved 1048576K
}
Event: 5862.564 GC heap after
{Heap after GC invocations=123 (full 0):
 garbage-first heap   total 286720K, used 75680K [0x0000000080000000, 0x0000000100000000)
  region size 1024K, 1 young (1024K), 1 survivors (1024K)
 Metaspace       used 89490K, capacity 91498K, committed 92160K, reserved 1128448K
  class space    used 11316K, capacity 12041K, committed 12288K, reserved 1048576K
}
Event: 5865.300 GC heap before
{Heap before GC invocations=124 (full 0):
 garbage-first heap   total 286720K, used 88992K [0x0000000080000000, 0x0000000100000000)
  region size 1024K, 14 young (14336K), 1 survivors (1024K)
 Metaspace       used 89732K, capacity 91815K, committed 92416K, reserved 1130496K
  class space    used 11332K, capacity 12061K, committed 12288K, reserved 1048576K
}
Event: 5865.324 GC heap after
{Heap after GC invocations=125 (full 0):
 garbage-first heap   total 286720K, used 76947K [0x0000000080000000, 0x0000000100000000)
  region size 1024K, 2 young (2048K), 2 survivors (2048K)
 Metaspace       used 89732K, capacity 91815K, committed 92416K, reserved 1130496K
  class space    used 11332K, capacity 12061K, committed 12288K, reserved 1048576K
}
Event: 5870.087 GC heap before
{Heap before GC invocations=125 (full 0):
 garbage-first heap   total 286720K, used 88211K [0x0000000080000000, 0x0000000100000000)
  region size 1024K, 14 young (14336K), 2 survivors (2048K)
 Metaspace       used 90383K, capacity 92531K, committed 93056K, reserved 1130496K
  class space    used 11444K, capacity 12193K, committed 12416K, reserved 1048576K
}
Event: 5870.402 GC heap after
{Heap after GC invocations=126 (full 0):
 garbage-first heap   total 286720K, used 78977K [0x0000000080000000, 0x0000000100000000)
  region size 1024K, 2 young (2048K), 2 survivors (2048K)
 Metaspace       used 90383K, capacity 92531K, committed 93056K, reserved 1130496K
  class space    used 11444K, capacity 12193K, committed 12416K, reserved 1048576K
}
Event: 5871.048 GC heap before
{Heap before GC invocations=127 (full 0):
 garbage-first heap   total 286720K, used 112769K [0x0000000080000000, 0x0000000100000000)
  region size 1024K, 36 young (36864K), 2 survivors (2048K)
 Metaspace       used 90466K, capacity 92622K, committed 93056K, reserved 1130496K
  class space    used 11456K, capacity 12201K, committed 12416K, reserved 1048576K
}
Event: 5872.335 GC heap after
{Heap after GC invocations=128 (full 0):
 garbage-first heap   total 286720K, used 88583K [0x0000000080000000, 0x0000000100000000)
  region size 1024K, 5 young (5120K), 5 survivors (5120K)
 Metaspace       used 90466K, capacity 92622K, committed 93056K, reserved 1130496K
  class space    used 11456K, capacity 12201K, committed 12416K, reserved 1048576K
}
Event: 5875.519 GC heap before
{Heap before GC invocations=128 (full 0):
 garbage-first heap   total 286720K, used 96775K [0x0000000080000000, 0x0000000100000000)
  region size 1024K, 14 young (14336K), 5 survivors (5120K)
 Metaspace       used 92039K, capacity 94252K, committed 94720K, reserved 1132544K
  class space    used 11671K, capacity 12426K, committed 12544K, reserved 1048576K
}
Event: 5875.635 GC heap after
{Heap after GC invocations=129 (full 0):
 garbage-first heap   total 286720K, used 86221K [0x0000000080000000, 0x0000000100000000)
  region size 1024K, 1 young (1024K), 1 survivors (1024K)
 Metaspace       used 92039K, capacity 94252K, committed 94720K, reserved 1132544K
  class space    used 11671K, capacity 12426K, committed 12544K, reserved 1048576K
}
Event: 5877.102 GC heap before
{Heap before GC invocations=130 (full 0):
 garbage-first heap   total 286720K, used 99533K [0x0000000080000000, 0x0000000100000000)
  region size 1024K, 14 young (14336K), 1 survivors (1024K)
 Metaspace       used 93197K, capacity 95478K, committed 95616K, reserved 1132544K
  class space    used 11836K, capacity 12606K, committed 12672K, reserved 1048576K
}

